Arguments: 
  C:\Program Files\nodejs\node.exe C:\Program Files\nodejs\node_modules\yarn\bin\yarn.js add -D vuepress

PATH: 
  C:\Windows\system32;C:\Windows;C:\Windows\System32\Wbem;C:\Windows\System32\WindowsPowerShell\v1.0\;C:\Windows\System32\OpenSSH\;C:\Windows\CCM;C:\Program Files\nodejs\;C:\Users\GW00212334\AppData\Local\Microsoft\WindowsApps;c:\program files\esafenet\cobra docguard client;D:\软件安装\Microsoft VS Code\bin;D:\软件安装\Git\cmd;C:\Users\GW00212334\AppData\Roaming\npm;C:\Users\GW00212334\AppData\Local\GitHubDesktop\bin

Yarn version: 
  1.22.10

Node version: 
  14.15.0

Platform: 
  win32 x64

Trace: 
  Error: connect ETIMEDOUT 104.16.26.35:443
      at TCPConnectWrap.afterConnect [as oncomplete] (net.js:1146:16)

npm manifest: 
  {
    "name": "hb.github.io",
    "version": "1.0.0",
    "description": "hb blog",
    "main": "index.js",
    "scripts": {
      "test": "echo \"Error: no test specified\" && exit 1",
      "docs:dev": "vuepress dev docs",
      "docs:dev": "vuepress build docs"
    },
    "repository": {
      "type": "git",
      "url": "git+https://github.com/hb1015372204/hb.github.io.git"
    },
    "author": "hb",
    "license": "ISC",
    "bugs": {
      "url": "https://github.com/hb1015372204/hb.github.io/issues"
    },
    "homepage": "https://github.com/hb1015372204/hb.github.io#readme",
    "devDependencies": {
      "vuepress": "^1.7.1"
    }
  }

yarn manifest: 
  No manifest

Lockfile: 
  No lockfile
